<?xml version="1.0" encoding="UTF-8"?>
<testsuite xmlns:xsi="http://www.w3.org/2001/XMLSchema-instance" xsi:noNamespaceSchemaLocation="https://maven.apache.org/surefire/maven-surefire-plugin/xsd/surefire-test-report.xsd" name="runner.TestRunner" time="112.439" tests="12" errors="3" skipped="0" failures="0">
  <properties>
[...]
</properties>
  <testcase name="Login with valid credentials" classname="Login functionnality" time="10.188">
    <error type="java.lang.NullPointerException">java.lang.NullPointerException
</error>
    <system-out><![CDATA[
Scenario: Login with valid credentials           &amp#27;[90m# src/test/ressources/features/Login.feature:3&amp#27;[0m
  &amp#27;[32mGiven &amp#27;[0m&amp#27;[32mUser has navigated to login page&amp#27;[0m         &amp#27;[90m# stepdefinitions.Login.user_has_navigated_to_login_page()&amp#27;[0m
  &amp#27;[31mWhen &amp#27;[0m&amp#27;[31mUser entered valid mail &amp#27;[0m&amp#27;[31m&amp#27;[1m"wadie@gmail.com"&amp#27;[0m &amp#27;[90m# stepdefinitions.Login.user_entered_valid_mail(java.lang.String)&amp#27;[0m
      &amp#27;[31mjava.lang.NullPointerException
	at org.openqa.selenium.support.pagefactory.DefaultElementLocator.findElement(DefaultElementLocator.java:68)
	at org.openqa.selenium.support.pagefactory.internal.LocatingElementHandler.invoke(LocatingElementHandler.java:38)
	at com.sun.proxy.$Proxy23.sendKeys(Unknown Source)
	at pages.LoginPage.enterEmailAdress(LoginPage.java:22)
	at stepdefinitions.Login.user_entered_valid_mail(Login.java:40)
	at âœ½.User entered valid mail "wadie@gmail.com"(file:///D:/cours%20QA/session4/Projet%20de%20synthese/RQ3.BF11.10_CreerUnNouvelElementdDeLaListeDeTachesAvancÃ©e/TutorialsNinjaProjectCocumber/src/test/ressources/features/Login.feature:5)
&amp#27;[0m
  &amp#27;[36mAnd &amp#27;[0m&amp#27;[36mUser entered valid password &amp#27;[0m&amp#27;[36m&amp#27;[1m"12345"&amp#27;[0m        &amp#27;[90m# stepdefinitions.Login.user_entered_valid_password(java.lang.String)&amp#27;[0m
  &amp#27;[36mAnd &amp#27;[0m&amp#27;[36mUserclick on login button&amp#27;[0m                  &amp#27;[90m# stepdefinitions.Login.userclick_on_login_button()&amp#27;[0m
  &amp#27;[36mThen &amp#27;[0m&amp#27;[36mUser should get successfuly logged in&amp#27;[0m     &amp#27;[90m# stepdefinitions.Login.user_should_get_successfuly_logged_in()&amp#27;[0m

    Embedding Login_with_valid_credentials [image/png 122935 bytes]

]]></system-out>
    <system-err><![CDATA[SLF4J: No SLF4J providers were found.
SLF4J: Defaulting to no-operation (NOP) logger implementation
SLF4J: See https://www.slf4j.org/codes.html#noProviders for further details.
]]></system-err>
  </testcase>
  <testcase name="Login with invalid credentials" classname="Login functionnality" time="9.059"/>
  <testcase name="Login with valid mail and invalid password" classname="Login functionnality" time="8.285">
    <error type="java.lang.NullPointerException">java.lang.NullPointerException
</error>
    <system-out><![CDATA[
Scenario: Login with valid mail and invalid password &amp#27;[90m# src/test/ressources/features/Login.feature:17&amp#27;[0m
  &amp#27;[32mGiven &amp#27;[0m&amp#27;[32mUser has navigated to login page&amp#27;[0m             &amp#27;[90m# stepdefinitions.Login.user_has_navigated_to_login_page()&amp#27;[0m
  &amp#27;[31mWhen &amp#27;[0m&amp#27;[31mUser entered valid mail &amp#27;[0m&amp#27;[31m&amp#27;[1m"wadie@gmail.com"&amp#27;[0m     &amp#27;[90m# stepdefinitions.Login.user_entered_valid_mail(java.lang.String)&amp#27;[0m
      &amp#27;[31mjava.lang.NullPointerException
	at org.openqa.selenium.support.pagefactory.DefaultElementLocator.findElement(DefaultElementLocator.java:68)
	at org.openqa.selenium.support.pagefactory.internal.LocatingElementHandler.invoke(LocatingElementHandler.java:38)
	at com.sun.proxy.$Proxy23.sendKeys(Unknown Source)
	at pages.LoginPage.enterEmailAdress(LoginPage.java:22)
	at stepdefinitions.Login.user_entered_valid_mail(Login.java:40)
	at âœ½.User entered valid mail "wadie@gmail.com"(file:///D:/cours%20QA/session4/Projet%20de%20synthese/RQ3.BF11.10_CreerUnNouvelElementdDeLaListeDeTachesAvancÃ©e/TutorialsNinjaProjectCocumber/src/test/ressources/features/Login.feature:19)
&amp#27;[0m
  &amp#27;[36mAnd &amp#27;[0m&amp#27;[36mUser entered invalid password &amp#27;[0m&amp#27;[36m&amp#27;[1m"123451234"&amp#27;[0m      &amp#27;[90m# stepdefinitions.Login.user_entered_invalid_password(java.lang.String)&amp#27;[0m
  &amp#27;[36mAnd &amp#27;[0m&amp#27;[36mUser click on login button&amp#27;[0m                     &amp#27;[90m# stepdefinitions.Login.user_click_on_login_button()&amp#27;[0m
  &amp#27;[36mThen &amp#27;[0m&amp#27;[36mUser should get a proper warning message&amp#27;[0m      &amp#27;[90m# stepdefinitions.Login.user_should_get_a_proper_warning_message()&amp#27;[0m

    Embedding Login_with_valid_mail_and_invalid_password [image/png 122935 bytes]

]]></system-out>
  </testcase>
  <testcase name="Login with invalid mail and valid password" classname="Login functionnality" time="8.256">
    <error type="java.lang.NullPointerException">java.lang.NullPointerException
</error>
    <system-out><![CDATA[
Scenario: Login with invalid mail and valid password   &amp#27;[90m# src/test/ressources/features/Login.feature:24&amp#27;[0m
  &amp#27;[32mGiven &amp#27;[0m&amp#27;[32mUser has navigated to login page&amp#27;[0m               &amp#27;[90m# stepdefinitions.Login.user_has_navigated_to_login_page()&amp#27;[0m
  &amp#27;[32mWhen &amp#27;[0m&amp#27;[32mUser entered invalid mail &amp#27;[0m&amp#27;[32m&amp#27;[1m"wadie1234@gmail.com"&amp#27;[0m &amp#27;[90m# stepdefinitions.Login.user_entered_invalid_mail(java.lang.String)&amp#27;[0m
  &amp#27;[31mAnd &amp#27;[0m&amp#27;[31mUser entered valid password &amp#27;[0m&amp#27;[31m&amp#27;[1m"12345"&amp#27;[0m              &amp#27;[90m# stepdefinitions.Login.user_entered_valid_password(java.lang.String)&amp#27;[0m
      &amp#27;[31mjava.lang.NullPointerException
	at org.openqa.selenium.support.pagefactory.DefaultElementLocator.findElement(DefaultElementLocator.java:68)
	at org.openqa.selenium.support.pagefactory.internal.LocatingElementHandler.invoke(LocatingElementHandler.java:38)
	at com.sun.proxy.$Proxy23.sendKeys(Unknown Source)
	at pages.LoginPage.enterPassword(LoginPage.java:30)
	at stepdefinitions.Login.user_entered_valid_password(Login.java:46)
	at âœ½.User entered valid password "12345"(file:///D:/cours%20QA/session4/Projet%20de%20synthese/RQ3.BF11.10_CreerUnNouvelElementdDeLaListeDeTachesAvancÃ©e/TutorialsNinjaProjectCocumber/src/test/ressources/features/Login.feature:27)
&amp#27;[0m
  &amp#27;[36mAnd &amp#27;[0m&amp#27;[36mUser click on login button&amp#27;[0m                       &amp#27;[90m# stepdefinitions.Login.user_click_on_login_button()&amp#27;[0m
  &amp#27;[36mThen &amp#27;[0m&amp#27;[36mUser should get a proper warning message&amp#27;[0m        &amp#27;[90m# stepdefinitions.Login.user_should_get_a_proper_warning_message()&amp#27;[0m

    Embedding Login_with_invalid_mail_and_valid_password [image/png 123641 bytes]

]]></system-out>
  </testcase>
  <testcase name="Login without any credentials" classname="Login functionnality" time="8.637"/>
  <testcase name="User creates an account only with mandatory fields" classname="Registration functionnality" time="10.213"/>
  <testcase name="User creates an account  with all mandatory fields" classname="Registration functionnality" time="10.193"/>
  <testcase name="User creates a duplicate account" classname="Registration functionnality" time="10.072"/>
  <testcase name="User creates an account  without filling any details" classname="Registration functionnality" time="9.523"/>
  <testcase name="User searches for a valid product" classname="Search functionnality" time="8.043"/>
  <testcase name="User searches for a invalid product" classname="Search functionnality" time="7.602"/>
  <testcase name="User searches without any product" classname="Search functionnality" time="7.57"/>
</testsuite>